<?xml version="1.0" encoding="UTF-8"?>
<robot generator="Robot 6.1 (Python 3.11.4 on win32)" generated="20230813 21:09:52.546" rpa="false" schemaversion="4">
<suite id="s1" name="Test Login Rf" source="C:\Users\jzbor\test_robotframework\test_login_rf.robot">
<test id="s1-t1" name="Login to the system" line="28">
<kw name="Open login page">
<kw name="Open Browser" library="SeleniumLibrary">
<arg>${LOGIN URL}</arg>
<arg>${BROWSER}</arg>
<doc>Opens a new browser instance to the optional ``url``.</doc>
<msg timestamp="20230813 21:09:52.674" level="INFO">Opening browser 'Chrome' to base url 'https://dareit.futbolkolektyw.pl/en'.</msg>
<status status="PASS" starttime="20230813 21:09:52.674" endtime="20230813 21:09:54.861"/>
</kw>
<kw name="Title Should Be" library="SeleniumLibrary">
<arg>Scouts panel - sign in</arg>
<doc>Verifies that the current page title equals ``title``.</doc>
<msg timestamp="20230813 21:09:54.872" level="INFO">Page title is 'Scouts panel - sign in'.</msg>
<status status="PASS" starttime="20230813 21:09:54.861" endtime="20230813 21:09:54.872"/>
</kw>
<status status="PASS" starttime="20230813 21:09:52.673" endtime="20230813 21:09:54.872"/>
</kw>
<kw name="Type in email">
<kw name="Input Text" library="SeleniumLibrary">
<arg>${EMAILINPUT}</arg>
<arg>user07@getnada.com</arg>
<doc>Types the given ``text`` into the text field identified by ``locator``.</doc>
<msg timestamp="20230813 21:09:54.873" level="INFO">Typing text 'user07@getnada.com' into text field 'xpath=//*[@id='login']'.</msg>
<status status="PASS" starttime="20230813 21:09:54.872" endtime="20230813 21:09:55.029"/>
</kw>
<status status="PASS" starttime="20230813 21:09:54.872" endtime="20230813 21:09:55.029"/>
</kw>
<kw name="Type in password">
<kw name="Input Text" library="SeleniumLibrary">
<arg>${PASSWORDINPUT}</arg>
<arg>Test-1234</arg>
<doc>Types the given ``text`` into the text field identified by ``locator``.</doc>
<msg timestamp="20230813 21:09:55.030" level="INFO">Typing text 'Test-1234' into text field 'xpath=//*[@id='password']'.</msg>
<status status="PASS" starttime="20230813 21:09:55.029" endtime="20230813 21:09:55.116"/>
</kw>
<status status="PASS" starttime="20230813 21:09:55.029" endtime="20230813 21:09:55.116"/>
</kw>
<kw name="Wait Until Element Is Visible" library="SeleniumLibrary">
<arg>${SIGNINBUTTON}</arg>
<doc>Waits until the element ``locator`` is visible.</doc>
<status status="PASS" starttime="20230813 21:09:55.117" endtime="20230813 21:09:55.137"/>
</kw>
<kw name="Click on the Submit button">
<kw name="Click Element" library="SeleniumLibrary">
<arg>xpath=//*[(text()='Sign in')]</arg>
<doc>Click the element identified by ``locator``.</doc>
<msg timestamp="20230813 21:09:55.139" level="INFO">Clicking element 'xpath=//*[(text()='Sign in')]'.</msg>
<status status="PASS" starttime="20230813 21:09:55.139" endtime="20230813 21:09:55.181"/>
</kw>
<status status="PASS" starttime="20230813 21:09:55.138" endtime="20230813 21:09:55.181"/>
</kw>
<kw name="Assert dashboard">
<kw name="Wait Until Element Is Visible" library="SeleniumLibrary">
<arg>${PAGELOGO}</arg>
<doc>Waits until the element ``locator`` is visible.</doc>
<status status="PASS" starttime="20230813 21:09:55.182" endtime="20230813 21:09:56.896"/>
</kw>
<kw name="Title Should Be" library="SeleniumLibrary">
<arg>Scouts panel</arg>
<doc>Verifies that the current page title equals ``title``.</doc>
<msg timestamp="20230813 21:09:57.021" level="INFO" html="true">&lt;/td&gt;&lt;/tr&gt;&lt;tr&gt;&lt;td colspan="3"&gt;&lt;a href="selenium-screenshot-23.png"&gt;&lt;img src="selenium-screenshot-23.png" width="800px"&gt;&lt;/a&gt;</msg>
<msg timestamp="20230813 21:09:57.022" level="FAIL">Title should have been 'Scouts panel' but was 'PANEL SKAUTINGOWY'.</msg>
<status status="FAIL" starttime="20230813 21:09:56.896" endtime="20230813 21:09:57.023"/>
</kw>
<kw name="Capture Page Screenshot" library="SeleniumLibrary">
<arg>alert.png</arg>
<doc>Takes a screenshot of the current page and embeds it into a log file.</doc>
<status status="NOT RUN" starttime="20230813 21:09:57.023" endtime="20230813 21:09:57.023"/>
</kw>
<status status="FAIL" starttime="20230813 21:09:55.182" endtime="20230813 21:09:57.023"/>
</kw>
<kw name="Close Browser" library="SeleniumLibrary" type="TEARDOWN">
<doc>Closes the current browser.</doc>
<status status="PASS" starttime="20230813 21:09:57.024" endtime="20230813 21:09:59.140"/>
</kw>
<status status="FAIL" starttime="20230813 21:09:52.673" endtime="20230813 21:09:59.142">Title should have been 'Scouts panel' but was 'PANEL SKAUTINGOWY'.</status>
</test>
<test id="s1-t2" name="Logout of the system" line="37">
<kw name="Open login page">
<kw name="Open Browser" library="SeleniumLibrary">
<arg>${LOGIN URL}</arg>
<arg>${BROWSER}</arg>
<doc>Opens a new browser instance to the optional ``url``.</doc>
<msg timestamp="20230813 21:09:59.149" level="INFO">Opening browser 'Chrome' to base url 'https://dareit.futbolkolektyw.pl/en'.</msg>
<status status="PASS" starttime="20230813 21:09:59.148" endtime="20230813 21:10:01.196"/>
</kw>
<kw name="Title Should Be" library="SeleniumLibrary">
<arg>Scouts panel - sign in</arg>
<doc>Verifies that the current page title equals ``title``.</doc>
<msg timestamp="20230813 21:10:01.202" level="INFO">Page title is 'Scouts panel - sign in'.</msg>
<status status="PASS" starttime="20230813 21:10:01.196" endtime="20230813 21:10:01.202"/>
</kw>
<status status="PASS" starttime="20230813 21:09:59.147" endtime="20230813 21:10:01.202"/>
</kw>
<kw name="Type in email">
<kw name="Input Text" library="SeleniumLibrary">
<arg>${EMAILINPUT}</arg>
<arg>user07@getnada.com</arg>
<doc>Types the given ``text`` into the text field identified by ``locator``.</doc>
<msg timestamp="20230813 21:10:01.203" level="INFO">Typing text 'user07@getnada.com' into text field 'xpath=//*[@id='login']'.</msg>
<status status="PASS" starttime="20230813 21:10:01.203" endtime="20230813 21:10:01.363"/>
</kw>
<status status="PASS" starttime="20230813 21:10:01.202" endtime="20230813 21:10:01.363"/>
</kw>
<kw name="Type in password">
<kw name="Input Text" library="SeleniumLibrary">
<arg>${PASSWORDINPUT}</arg>
<arg>Test-1234</arg>
<doc>Types the given ``text`` into the text field identified by ``locator``.</doc>
<msg timestamp="20230813 21:10:01.364" level="INFO">Typing text 'Test-1234' into text field 'xpath=//*[@id='password']'.</msg>
<status status="PASS" starttime="20230813 21:10:01.364" endtime="20230813 21:10:01.447"/>
</kw>
<status status="PASS" starttime="20230813 21:10:01.363" endtime="20230813 21:10:01.447"/>
</kw>
<kw name="Wait Until Element Is Visible" library="SeleniumLibrary">
<arg>${SIGNINBUTTON}</arg>
<doc>Waits until the element ``locator`` is visible.</doc>
<status status="PASS" starttime="20230813 21:10:01.447" endtime="20230813 21:10:01.469"/>
</kw>
<kw name="Click on the Submit button">
<kw name="Click Element" library="SeleniumLibrary">
<arg>xpath=//*[(text()='Sign in')]</arg>
<doc>Click the element identified by ``locator``.</doc>
<msg timestamp="20230813 21:10:01.469" level="INFO">Clicking element 'xpath=//*[(text()='Sign in')]'.</msg>
<status status="PASS" starttime="20230813 21:10:01.469" endtime="20230813 21:10:01.510"/>
</kw>
<status status="PASS" starttime="20230813 21:10:01.469" endtime="20230813 21:10:01.510"/>
</kw>
<kw name="Wait Until Element Is Visible" library="SeleniumLibrary">
<arg>${SIGNOUTBUTTON}</arg>
<doc>Waits until the element ``locator`` is visible.</doc>
<status status="PASS" starttime="20230813 21:10:01.510" endtime="20230813 21:10:03.240"/>
</kw>
<kw name="Click on the Signout button">
<kw name="Click Element" library="SeleniumLibrary">
<arg>xpath=//*[@id="__next"]/div[1]/div/div/div/ul[2]/div[2]/div[2]/span</arg>
<doc>Click the element identified by ``locator``.</doc>
<msg timestamp="20230813 21:10:03.242" level="INFO">Clicking element 'xpath=//*[@id="__next"]/div[1]/div/div/div/ul[2]/div[2]/div[2]/span'.</msg>
<status status="PASS" starttime="20230813 21:10:03.241" endtime="20230813 21:10:03.288"/>
</kw>
<status status="PASS" starttime="20230813 21:10:03.240" endtime="20230813 21:10:03.288"/>
</kw>
<kw name="Assert login page">
<kw name="Wait Until Element Is Visible" library="SeleniumLibrary">
<arg>${LOGIN FORM}</arg>
<doc>Waits until the element ``locator`` is visible.</doc>
<status status="PASS" starttime="20230813 21:10:03.289" endtime="20230813 21:10:03.308"/>
</kw>
<kw name="Title Should Be" library="SeleniumLibrary">
<arg>Scouts panel - sign in</arg>
<doc>Verifies that the current page title equals ``title``.</doc>
<msg timestamp="20230813 21:10:03.311" level="INFO">Page title is 'Scouts panel - sign in'.</msg>
<status status="PASS" starttime="20230813 21:10:03.309" endtime="20230813 21:10:03.311"/>
</kw>
<status status="PASS" starttime="20230813 21:10:03.289" endtime="20230813 21:10:03.311"/>
</kw>
<kw name="Close Browser" library="SeleniumLibrary" type="TEARDOWN">
<doc>Closes the current browser.</doc>
<status status="PASS" starttime="20230813 21:10:03.312" endtime="20230813 21:10:05.400"/>
</kw>
<status status="PASS" starttime="20230813 21:09:59.146" endtime="20230813 21:10:05.402"/>
</test>
<test id="s1-t3" name="Filling add player form" line="48">
<kw name="Open login page">
<kw name="Open Browser" library="SeleniumLibrary">
<arg>${LOGIN URL}</arg>
<arg>${BROWSER}</arg>
<doc>Opens a new browser instance to the optional ``url``.</doc>
<msg timestamp="20230813 21:10:05.407" level="INFO">Opening browser 'Chrome' to base url 'https://dareit.futbolkolektyw.pl/en'.</msg>
<status status="PASS" starttime="20230813 21:10:05.406" endtime="20230813 21:10:07.440"/>
</kw>
<kw name="Title Should Be" library="SeleniumLibrary">
<arg>Scouts panel - sign in</arg>
<doc>Verifies that the current page title equals ``title``.</doc>
<msg timestamp="20230813 21:10:07.447" level="INFO">Page title is 'Scouts panel - sign in'.</msg>
<status status="PASS" starttime="20230813 21:10:07.440" endtime="20230813 21:10:07.447"/>
</kw>
<status status="PASS" starttime="20230813 21:10:05.406" endtime="20230813 21:10:07.447"/>
</kw>
<kw name="Type in email">
<kw name="Input Text" library="SeleniumLibrary">
<arg>${EMAILINPUT}</arg>
<arg>user07@getnada.com</arg>
<doc>Types the given ``text`` into the text field identified by ``locator``.</doc>
<msg timestamp="20230813 21:10:07.448" level="INFO">Typing text 'user07@getnada.com' into text field 'xpath=//*[@id='login']'.</msg>
<status status="PASS" starttime="20230813 21:10:07.448" endtime="20230813 21:10:07.598"/>
</kw>
<status status="PASS" starttime="20230813 21:10:07.447" endtime="20230813 21:10:07.598"/>
</kw>
<kw name="Type in password">
<kw name="Input Text" library="SeleniumLibrary">
<arg>${PASSWORDINPUT}</arg>
<arg>Test-1234</arg>
<doc>Types the given ``text`` into the text field identified by ``locator``.</doc>
<msg timestamp="20230813 21:10:07.599" level="INFO">Typing text 'Test-1234' into text field 'xpath=//*[@id='password']'.</msg>
<status status="PASS" starttime="20230813 21:10:07.599" endtime="20230813 21:10:07.680"/>
</kw>
<status status="PASS" starttime="20230813 21:10:07.598" endtime="20230813 21:10:07.680"/>
</kw>
<kw name="Wait Until Element Is Visible" library="SeleniumLibrary">
<arg>${SIGNINBUTTON}</arg>
<doc>Waits until the element ``locator`` is visible.</doc>
<status status="PASS" starttime="20230813 21:10:07.680" endtime="20230813 21:10:07.702"/>
</kw>
<kw name="Click on the Submit button">
<kw name="Click Element" library="SeleniumLibrary">
<arg>xpath=//*[(text()='Sign in')]</arg>
<doc>Click the element identified by ``locator``.</doc>
<msg timestamp="20230813 21:10:07.703" level="INFO">Clicking element 'xpath=//*[(text()='Sign in')]'.</msg>
<status status="PASS" starttime="20230813 21:10:07.703" endtime="20230813 21:10:07.743"/>
</kw>
<status status="PASS" starttime="20230813 21:10:07.702" endtime="20230813 21:10:07.743"/>
</kw>
<kw name="Wait Until Element Is Visible" library="SeleniumLibrary">
<arg>${ADDPLAYERBUTTON}</arg>
<doc>Waits until the element ``locator`` is visible.</doc>
<status status="PASS" starttime="20230813 21:10:07.743" endtime="20230813 21:10:09.072"/>
</kw>
<kw name="Click on the Add Player Button">
<kw name="Click Element" library="SeleniumLibrary">
<arg>xpath=//main/div[3]/div[2]/div[1]/div[1]/a/button</arg>
<doc>Click the element identified by ``locator``.</doc>
<msg timestamp="20230813 21:10:09.074" level="INFO">Clicking element 'xpath=//main/div[3]/div[2]/div[1]/div[1]/a/button'.</msg>
<status status="PASS" starttime="20230813 21:10:09.073" endtime="20230813 21:10:09.134"/>
</kw>
<status status="PASS" starttime="20230813 21:10:09.073" endtime="20230813 21:10:09.134"/>
</kw>
<kw name="Wait Until Element Is Visible" library="SeleniumLibrary">
<arg>${E-MAILFIELD}</arg>
<doc>Waits until the element ``locator`` is visible.</doc>
<status status="PASS" starttime="20230813 21:10:09.134" endtime="20230813 21:10:09.379"/>
</kw>
<kw name="Type in E-mail">
<kw name="Input Text" library="SeleniumLibrary">
<arg>${E-MAILFIELD}</arg>
<arg>jacek@gmail.com</arg>
<doc>Types the given ``text`` into the text field identified by ``locator``.</doc>
<msg timestamp="20230813 21:10:09.380" level="INFO">Typing text 'jacek@gmail.com' into text field 'xpath=//input[@name = 'email']'.</msg>
<status status="PASS" starttime="20230813 21:10:09.379" endtime="20230813 21:10:09.482"/>
</kw>
<status status="PASS" starttime="20230813 21:10:09.379" endtime="20230813 21:10:09.482"/>
</kw>
<kw name="Type in Name">
<kw name="Input Text" library="SeleniumLibrary">
<arg>${NAMEFIELD}</arg>
<arg>Jacek</arg>
<doc>Types the given ``text`` into the text field identified by ``locator``.</doc>
<msg timestamp="20230813 21:10:09.483" level="INFO">Typing text 'Jacek' into text field 'xpath=//input[@name = 'name']'.</msg>
<status status="PASS" starttime="20230813 21:10:09.483" endtime="20230813 21:10:09.563"/>
</kw>
<status status="PASS" starttime="20230813 21:10:09.482" endtime="20230813 21:10:09.564"/>
</kw>
<kw name="Type in Surname">
<kw name="Input Text" library="SeleniumLibrary">
<arg>${SURNAMEFIELD}</arg>
<arg>Kopacz</arg>
<doc>Types the given ``text`` into the text field identified by ``locator``.</doc>
<msg timestamp="20230813 21:10:09.565" level="INFO">Typing text 'Kopacz' into text field 'xpath=//input[@name = 'surname']'.</msg>
<status status="PASS" starttime="20230813 21:10:09.564" endtime="20230813 21:10:09.664"/>
</kw>
<status status="PASS" starttime="20230813 21:10:09.564" endtime="20230813 21:10:09.664"/>
</kw>
<kw name="Type in Age">
<kw name="Input Text" library="SeleniumLibrary">
<arg>${AGEFIELD}</arg>
<arg>10/10/1993</arg>
<doc>Types the given ``text`` into the text field identified by ``locator``.</doc>
<msg timestamp="20230813 21:10:09.665" level="INFO">Typing text '10/10/1993' into text field 'xpath=//input[@name = 'age']'.</msg>
<status status="PASS" starttime="20230813 21:10:09.664" endtime="20230813 21:10:09.745"/>
</kw>
<status status="PASS" starttime="20230813 21:10:09.664" endtime="20230813 21:10:09.746"/>
</kw>
<kw name="Type in Main Position">
<kw name="Input Text" library="SeleniumLibrary">
<arg>${MAINPOSITIONFIELD}</arg>
<arg>Striker</arg>
<doc>Types the given ``text`` into the text field identified by ``locator``.</doc>
<msg timestamp="20230813 21:10:09.746" level="INFO">Typing text 'Striker' into text field 'xpath=//input[@name = 'mainPosition']'.</msg>
<status status="PASS" starttime="20230813 21:10:09.746" endtime="20230813 21:10:09.855"/>
</kw>
<status status="PASS" starttime="20230813 21:10:09.746" endtime="20230813 21:10:09.855"/>
</kw>
<kw name="Wait Until Element Is Visible" library="SeleniumLibrary">
<arg>${ADDPLAYER}</arg>
<doc>Waits until the element ``locator`` is visible.</doc>
<status status="PASS" starttime="20230813 21:10:09.855" endtime="20230813 21:10:09.879"/>
</kw>
<kw name="Click on the Add a Player button">
<kw name="Click Element" library="SeleniumLibrary">
<arg>xpath=//button[@type='submit']</arg>
<doc>Click the element identified by ``locator``.</doc>
<msg timestamp="20230813 21:10:09.880" level="INFO">Clicking element 'xpath=//button[@type='submit']'.</msg>
<status status="PASS" starttime="20230813 21:10:09.880" endtime="20230813 21:10:09.945"/>
</kw>
<status status="PASS" starttime="20230813 21:10:09.880" endtime="20230813 21:10:09.945"/>
</kw>
<kw name="Assert AddPlayer">
<kw name="Wait Until Element Is Visible" library="SeleniumLibrary">
<arg>${ADDEDAPLAYER}</arg>
<doc>Waits until the element ``locator`` is visible.</doc>
<msg timestamp="20230813 21:10:15.196" level="INFO" html="true">&lt;/td&gt;&lt;/tr&gt;&lt;tr&gt;&lt;td colspan="3"&gt;&lt;a href="selenium-screenshot-24.png"&gt;&lt;img src="selenium-screenshot-24.png" width="800px"&gt;&lt;/a&gt;</msg>
<msg timestamp="20230813 21:10:15.196" level="FAIL">Element 'xpath=//*[@id='sj7bgkps3j']/div[1]' not visible after 5 seconds.</msg>
<status status="FAIL" starttime="20230813 21:10:09.946" endtime="20230813 21:10:15.197"/>
</kw>
<status status="FAIL" starttime="20230813 21:10:09.945" endtime="20230813 21:10:15.197"/>
</kw>
<kw name="Close Browser" library="SeleniumLibrary" type="TEARDOWN">
<doc>Closes the current browser.</doc>
<status status="PASS" starttime="20230813 21:10:15.198" endtime="20230813 21:10:17.302"/>
</kw>
<status status="FAIL" starttime="20230813 21:10:05.405" endtime="20230813 21:10:17.304">Element 'xpath=//*[@id='sj7bgkps3j']/div[1]' not visible after 5 seconds.</status>
</test>
<doc>Suite description</doc>
<status status="FAIL" starttime="20230813 21:09:52.547" endtime="20230813 21:10:17.306"/>
</suite>
<statistics>
<total>
<stat pass="1" fail="2" skip="0">All Tests</stat>
</total>
<tag>
</tag>
<suite>
<stat pass="1" fail="2" skip="0" id="s1" name="Test Login Rf">Test Login Rf</stat>
</suite>
</statistics>
<errors>
<msg timestamp="20230813 21:09:52.541" level="ERROR">Error in file 'C:\Users\jzbor\test_robotframework\test_login_rf.robot' on line 4: Setting 'Documentation' is allowed only once. Only the first value is used.</msg>
</errors>
</robot>
